TN:
SF:C:\Users\uggo\Desktop\MyDiary\controllers\entriesController.js
FN:13,getEntries
FNF:1
FNH:1
FNDA:4,getEntries
DA:6,1
DA:7,1
DA:8,1
DA:10,1
DA:11,1
DA:14,4
DA:15,4
DA:17,4
DA:18,3
DA:19,3
DA:20,2
DA:21,2
DA:22,1
DA:23,1
DA:27,1
DA:30,1
DA:37,1
DA:41,1
DA:48,1
DA:52,1
DA:59,1
LF:21
LH:21
BRDA:17,0,0,3
BRDA:17,0,1,1
BRDA:19,1,0,2
BRDA:19,1,1,1
BRDA:21,2,0,1
BRDA:21,2,1,1
BRF:6
BRH:6
end_of_record
TN:
SF:C:\Users\uggo\Desktop\MyDiary\controllers\entryController.js
FN:13,getEntries
FNF:1
FNH:1
FNDA:6,getEntries
DA:6,1
DA:7,1
DA:8,1
DA:10,1
DA:11,1
DA:14,6
DA:15,6
DA:16,6
DA:17,6
DA:19,6
DA:20,5
DA:21,4
DA:22,4
DA:24,4
DA:25,3
DA:26,3
DA:27,2
DA:29,2
DA:30,1
DA:31,1
DA:35,1
DA:38,1
DA:45,1
DA:49,1
DA:56,1
DA:60,1
DA:67,1
DA:71,1
DA:78,1
DA:83,1
DA:90,1
LF:31
LH:31
BRDA:19,0,0,5
BRDA:19,0,1,1
BRDA:19,1,0,6
BRDA:19,1,1,5
BRDA:20,2,0,4
BRDA:20,2,1,1
BRDA:20,3,0,5
BRDA:20,3,1,4
BRDA:24,4,0,3
BRDA:24,4,1,1
BRDA:26,5,0,2
BRDA:26,5,1,1
BRDA:29,6,0,1
BRDA:29,6,1,1
BRF:14
BRH:14
end_of_record
TN:
SF:C:\Users\uggo\Desktop\MyDiary\models\entries.js
FN:2,(anonymous_0)
FN:6,(anonymous_1)
FN:10,(anonymous_2)
FN:15,(anonymous_3)
FN:22,(anonymous_4)
FN:31,(anonymous_5)
FNF:6
FNH:6
FNDA:18,(anonymous_0)
FNDA:8,(anonymous_1)
FNDA:3,(anonymous_2)
FNDA:4,(anonymous_3)
FNDA:11,(anonymous_4)
FNDA:20,(anonymous_5)
DA:3,18
DA:7,8
DA:11,3
DA:12,3
DA:16,4
DA:17,3
DA:19,1
DA:23,11
DA:24,38
DA:25,8
DA:28,3
DA:32,20
DA:147,20
LF:13
LH:13
BRDA:16,0,0,3
BRDA:16,0,1,1
BRDA:24,1,0,8
BRDA:24,1,1,30
BRF:4
BRH:4
end_of_record
TN:
SF:C:\Users\uggo\Desktop\MyDiary\models\users.js
FN:2,(anonymous_0)
FN:6,(anonymous_1)
FN:16,(anonymous_2)
FN:26,(anonymous_3)
FNF:4
FNH:4
FNDA:10,(anonymous_0)
FNDA:11,(anonymous_1)
FNDA:3,(anonymous_2)
FNDA:11,(anonymous_3)
DA:3,10
DA:7,11
DA:8,38
DA:9,7
DA:10,7
DA:13,4
DA:17,3
DA:18,2
DA:19,2
DA:22,1
DA:27,11
DA:64,11
LF:12
LH:12
BRDA:8,0,0,7
BRDA:8,0,1,31
BRDA:17,1,0,2
BRDA:17,1,1,1
BRDA:17,2,0,3
BRDA:17,2,1,2
BRF:6
BRH:6
end_of_record
TN:
SF:C:\Users\uggo\Desktop\MyDiary\routes\users.js
FNF:0
FNH:0
DA:4,1
DA:6,1
DA:7,1
LF:3
LH:3
BRF:0
BRH:0
end_of_record
