TN:
SF:C:\Users\uggo\Desktop\MyDiary\controllers\addEntryController.js
FN:14,addEntry
FNF:1
FNH:1
FNDA:4,addEntry
DA:6,1
DA:7,1
DA:8,1
DA:9,1
DA:11,1
DA:12,1
DA:15,4
DA:16,4
DA:18,4
DA:28,4
DA:29,3
DA:30,3
DA:31,2
DA:32,2
DA:33,1
DA:34,1
DA:42,1
DA:43,1
DA:47,1
DA:50,1
DA:58,1
DA:59,1
DA:63,1
DA:67,1
DA:74,1
DA:78,1
DA:85,1
LF:27
LH:27
BRDA:28,0,0,3
BRDA:28,0,1,1
BRDA:30,1,0,2
BRDA:30,1,1,1
BRDA:32,2,0,1
BRDA:32,2,1,1
BRF:6
BRH:6
end_of_record
TN:
SF:C:\Users\uggo\Desktop\MyDiary\controllers\entriesController.js
FN:13,getEntries
FNF:1
FNH:1
FNDA:4,getEntries
DA:6,1
DA:7,1
DA:8,1
DA:10,1
DA:11,1
DA:14,4
DA:15,4
DA:17,4
DA:18,3
DA:19,3
DA:20,2
DA:21,2
DA:22,1
DA:23,1
DA:27,1
DA:30,1
DA:37,1
DA:41,1
DA:48,1
DA:52,1
DA:59,1
LF:21
LH:21
BRDA:17,0,0,3
BRDA:17,0,1,1
BRDA:19,1,0,2
BRDA:19,1,1,1
BRDA:21,2,0,1
BRDA:21,2,1,1
BRF:6
BRH:6
end_of_record
TN:
SF:C:\Users\uggo\Desktop\MyDiary\controllers\entryController.js
FN:13,getEntries
FNF:1
FNH:1
FNDA:6,getEntries
DA:6,1
DA:7,1
DA:8,1
DA:10,1
DA:11,1
DA:14,6
DA:15,6
DA:16,6
DA:17,6
DA:19,6
DA:20,5
DA:21,4
DA:22,4
DA:24,4
DA:25,3
DA:26,3
DA:27,2
DA:29,2
DA:30,1
DA:31,1
DA:35,1
DA:38,1
DA:45,1
DA:49,1
DA:56,1
DA:60,1
DA:67,1
DA:71,1
DA:78,1
DA:83,1
DA:90,1
LF:31
LH:31
BRDA:19,0,0,5
BRDA:19,0,1,1
BRDA:19,1,0,6
BRDA:19,1,1,5
BRDA:20,2,0,4
BRDA:20,2,1,1
BRDA:20,3,0,5
BRDA:20,3,1,4
BRDA:24,4,0,3
BRDA:24,4,1,1
BRDA:26,5,0,2
BRDA:26,5,1,1
BRDA:29,6,0,1
BRDA:29,6,1,1
BRF:14
BRH:14
end_of_record
TN:
SF:C:\Users\uggo\Desktop\MyDiary\controllers\getANotificationController.js
FN:13,getANotification
FNF:1
FNH:1
FNDA:6,getANotification
DA:6,1
DA:7,1
DA:8,1
DA:10,1
DA:11,1
DA:14,6
DA:15,6
DA:16,6
DA:17,6
DA:19,6
DA:20,5
DA:21,4
DA:22,4
DA:24,4
DA:25,3
DA:26,3
DA:27,2
DA:29,2
DA:30,1
DA:31,1
DA:35,1
DA:38,1
DA:45,1
DA:49,1
DA:56,1
DA:60,1
DA:67,1
DA:71,1
DA:78,1
DA:83,1
DA:90,1
LF:31
LH:31
BRDA:19,0,0,5
BRDA:19,0,1,1
BRDA:19,1,0,6
BRDA:19,1,1,5
BRDA:20,2,0,4
BRDA:20,2,1,1
BRDA:20,3,0,5
BRDA:20,3,1,4
BRDA:24,4,0,3
BRDA:24,4,1,1
BRDA:26,5,0,2
BRDA:26,5,1,1
BRDA:29,6,0,1
BRDA:29,6,1,1
BRF:14
BRH:14
end_of_record
TN:
SF:C:\Users\uggo\Desktop\MyDiary\controllers\getNotificationsController.js
FN:13,getNotifications
FNF:1
FNH:1
FNDA:4,getNotifications
DA:6,1
DA:7,1
DA:8,1
DA:10,1
DA:11,1
DA:14,4
DA:15,4
DA:17,4
DA:18,3
DA:19,3
DA:20,2
DA:21,2
DA:22,1
DA:23,1
DA:27,1
DA:30,1
DA:37,1
DA:41,1
DA:48,1
DA:52,1
DA:59,1
LF:21
LH:21
BRDA:17,0,0,3
BRDA:17,0,1,1
BRDA:19,1,0,2
BRDA:19,1,1,1
BRDA:21,2,0,1
BRDA:21,2,1,1
BRF:6
BRH:6
end_of_record
TN:
SF:C:\Users\uggo\Desktop\MyDiary\controllers\modifyEntryController.js
FN:13,modifyEntry
FNF:1
FNH:1
FNDA:6,modifyEntry
DA:6,1
DA:7,1
DA:8,1
DA:10,1
DA:11,1
DA:14,6
DA:15,6
DA:16,6
DA:17,6
DA:19,6
DA:20,5
DA:21,4
DA:22,4
DA:24,4
DA:25,3
DA:26,3
DA:27,2
DA:28,2
DA:29,1
DA:37,1
DA:38,1
DA:43,1
DA:46,1
DA:53,1
DA:57,1
DA:64,1
DA:68,1
DA:75,1
DA:79,1
DA:86,1
DA:90,1
DA:97,1
LF:32
LH:32
BRDA:19,0,0,5
BRDA:19,0,1,1
BRDA:19,1,0,6
BRDA:19,1,1,5
BRDA:20,2,0,4
BRDA:20,2,1,1
BRDA:20,3,0,5
BRDA:20,3,1,4
BRDA:24,4,0,3
BRDA:24,4,1,1
BRDA:26,5,0,2
BRDA:26,5,1,1
BRDA:28,6,0,1
BRDA:28,6,1,1
BRF:14
BRH:14
end_of_record
TN:
SF:C:\Users\uggo\Desktop\MyDiary\models\entries.js
FN:2,(anonymous_0)
FN:6,(anonymous_1)
FN:10,(anonymous_2)
FN:15,(anonymous_3)
FN:22,(anonymous_4)
FN:35,(anonymous_5)
FN:47,(anonymous_6)
FN:54,(anonymous_7)
FN:63,(anonymous_8)
FNF:9
FNH:9
FNDA:28,(anonymous_0)
FNDA:8,(anonymous_1)
FNDA:3,(anonymous_2)
FNDA:1,(anonymous_3)
FNDA:2,(anonymous_4)
FNDA:2,(anonymous_5)
FNDA:9,(anonymous_6)
FNDA:18,(anonymous_7)
FNDA:30,(anonymous_8)
DA:3,28
DA:7,8
DA:11,3
DA:12,3
DA:16,1
DA:17,1
DA:18,1
DA:19,1
DA:23,2
DA:24,2
DA:30,2
DA:31,2
DA:32,2
DA:36,2
DA:37,2
DA:48,9
DA:49,8
DA:51,1
DA:55,18
DA:56,60
DA:57,13
DA:60,5
DA:64,30
DA:179,30
LF:24
LH:24
BRDA:48,0,0,8
BRDA:48,0,1,1
BRDA:56,1,0,13
BRDA:56,1,1,47
BRF:4
BRH:4
end_of_record
TN:
SF:C:\Users\uggo\Desktop\MyDiary\models\notifications.js
FN:2,(anonymous_0)
FN:6,(anonymous_1)
FN:15,(anonymous_2)
FN:22,(anonymous_3)
FN:27,(anonymous_4)
FN:31,(anonymous_5)
FNF:6
FNH:6
FNDA:9,(anonymous_0)
FNDA:10,(anonymous_1)
FNDA:4,(anonymous_2)
FNDA:1,(anonymous_3)
FNDA:4,(anonymous_4)
FNDA:10,(anonymous_5)
DA:3,9
DA:7,10
DA:8,17
DA:9,6
DA:12,4
DA:16,4
DA:17,3
DA:19,1
DA:23,1
DA:24,1
DA:28,4
DA:32,10
DA:108,10
LF:13
LH:13
BRDA:8,0,0,6
BRDA:8,0,1,11
BRDA:16,1,0,3
BRDA:16,1,1,1
BRF:4
BRH:4
end_of_record
TN:
SF:C:\Users\uggo\Desktop\MyDiary\models\users.js
FN:2,(anonymous_0)
FN:6,(anonymous_1)
FN:16,(anonymous_2)
FN:26,(anonymous_3)
FNF:4
FNH:4
FNDA:14,(anonymous_0)
FNDA:25,(anonymous_1)
FNDA:3,(anonymous_2)
FNDA:15,(anonymous_3)
DA:3,14
DA:7,25
DA:8,90
DA:9,17
DA:10,17
DA:13,8
DA:17,3
DA:18,2
DA:19,2
DA:22,1
DA:27,15
DA:64,15
LF:12
LH:12
BRDA:8,0,0,17
BRDA:8,0,1,73
BRDA:17,1,0,2
BRDA:17,1,1,1
BRDA:17,2,0,3
BRDA:17,2,1,2
BRF:6
BRH:6
end_of_record
TN:
SF:C:\Users\uggo\Desktop\MyDiary\routes\users.js
FNF:0
FNH:0
DA:8,1
DA:10,1
DA:11,1
DA:12,1
DA:13,1
DA:14,1
DA:15,1
LF:7
LH:7
BRF:0
BRH:0
end_of_record
